\BOOKMARK [0][-]{cover.0}{NJU Cover}{}% 1
\BOOKMARK [0][-]{abstract.0}{摘　要}{}% 2
\BOOKMARK [0][-]{englishabstract.0}{Abstract}{}% 3
\BOOKMARK [0][-]{chapter*.1}{目 \040录}{}% 4
\BOOKMARK [0][-]{chapter.1}{第一章 \040基本使用帮助}{}% 5
\BOOKMARK [1][-]{section.1.1}{1.1 系统要求}{chapter.1}% 6
\BOOKMARK [1][-]{section.1.2}{1.2 下载与安装}{chapter.1}% 7
\BOOKMARK [1][-]{section.1.3}{1.3 本模板打包的文件}{chapter.1}% 8
\BOOKMARK [1][-]{section.1.4}{1.4 编译方法}{chapter.1}% 9
\BOOKMARK [2][-]{subsection.1.4.1}{1.4.1 Windows 平台下}{section.1.4}% 10
\BOOKMARK [2][-]{subsection.1.4.2}{1.4.2 Linux 平台下}{section.1.4}% 11
\BOOKMARK [1][-]{section.1.5}{1.5 问题反馈}{chapter.1}% 12
\BOOKMARK [0][-]{chapter.2}{第二章 \040论文撰写}{}% 13
\BOOKMARK [1][-]{section.2.1}{2.1 文档类选项}{chapter.2}% 14
\BOOKMARK [1][-]{section.2.2}{2.2 封面和摘要页的字符串}{chapter.2}% 15
\BOOKMARK [1][-]{section.2.3}{2.3 内容撰写}{chapter.2}% 16
\BOOKMARK [1][-]{section.2.4}{2.4 插图}{chapter.2}% 17
\BOOKMARK [1][-]{section.2.5}{2.5 数学公式}{chapter.2}% 18
\BOOKMARK [1][-]{section.2.6}{2.6 参考文献}{chapter.2}% 19
\BOOKMARK [1][-]{section.2.7}{2.7 其它问题}{chapter.2}% 20
\BOOKMARK [0][-]{chapter.3}{第三章 \040常见问题}{}% 21
\BOOKMARK [1][-]{section.3.1}{3.1 表格}{chapter.3}% 22
\BOOKMARK [1][-]{section.3.2}{3.2 脚注}{chapter.3}% 23
\BOOKMARK [0][-]{chapter.4}{第四章 \040总结与展望}{}% 24
\BOOKMARK [0][-]{appendix.A}{附录 A \040博士\(硕士\)学位论文编写格式规定\(试行\)}{}% 25
\BOOKMARK [1][-]{section.A.1}{A.1 适用范围}{appendix.A}% 26
\BOOKMARK [1][-]{section.A.2}{A.2 引用标准}{appendix.A}% 27
\BOOKMARK [1][-]{section.A.3}{A.3 印制要求}{appendix.A}% 28
\BOOKMARK [1][-]{section.A.4}{A.4 编写格式}{appendix.A}% 29
\BOOKMARK [1][-]{section.A.5}{A.5 前置部分}{appendix.A}% 30
\BOOKMARK [2][-]{subsection.A.5.1}{A.5.1 封面（博士论文国图版用）}{section.A.5}% 31
\BOOKMARK [2][-]{subsection.A.5.2}{A.5.2 题名}{section.A.5}% 32
\BOOKMARK [2][-]{subsection.A.5.3}{A.5.3 前言}{section.A.5}% 33
\BOOKMARK [2][-]{subsection.A.5.4}{A.5.4 摘要}{section.A.5}% 34
\BOOKMARK [2][-]{subsection.A.5.5}{A.5.5 关键词}{section.A.5}% 35
\BOOKMARK [2][-]{subsection.A.5.6}{A.5.6 目次页}{section.A.5}% 36
\BOOKMARK [2][-]{subsection.A.5.7}{A.5.7 插图和附表清单}{section.A.5}% 37
\BOOKMARK [2][-]{subsection.A.5.8}{A.5.8 符号、标志、缩略词、首字母缩写、计量单位、名词、术语等的注释表符 号、标志、缩略词、首字母缩写、计量单位、名词、术语等的注释说明汇集表，应置于 图表清单之后。}{section.A.5}% 38
\BOOKMARK [1][-]{section.A.6}{A.6 主体部分}{appendix.A}% 39
\BOOKMARK [2][-]{subsection.A.6.1}{A.6.1 格式}{section.A.6}% 40
\BOOKMARK [2][-]{subsection.A.6.2}{A.6.2 序号}{section.A.6}% 41
\BOOKMARK [2][-]{subsection.A.6.3}{A.6.3 绪论}{section.A.6}% 42
\BOOKMARK [2][-]{subsection.A.6.4}{A.6.4 正文}{section.A.6}% 43
\BOOKMARK [2][-]{subsection.A.6.5}{A.6.5 结论}{section.A.6}% 44
\BOOKMARK [2][-]{subsection.A.6.6}{A.6.6 致谢}{section.A.6}% 45
\BOOKMARK [2][-]{subsection.A.6.7}{A.6.7 参考文献表}{section.A.6}% 46
\BOOKMARK [1][-]{section.A.7}{A.7 附录}{appendix.A}% 47
\BOOKMARK [1][-]{section.A.8}{A.8 结尾部分 \(必要时\)}{appendix.A}% 48
\BOOKMARK [0][-]{appendix*.4}{参考文献}{}% 49
\BOOKMARK [0][-]{appendix*.5}{简历与科研成果}{}% 50
\BOOKMARK [0][-]{appendix*.6}{致 \040谢}{}% 51
